<?xml version="1.0" encoding="UTF-8"?>
<testsuite name="EllipseTest" tests="4" skipped="0" failures="0" errors="0" timestamp="2024-06-30T19:08:10" hostname="Yew.local" time="0.019">
  <properties/>
  <testcase name="testEllipseArea()" classname="EllipseTest" time="0.016"/>
  <testcase name="testEllipseMove()" classname="EllipseTest" time="0.0"/>
  <testcase name="testEllipseContruction()" classname="EllipseTest" time="0.0"/>
  <testcase name="testInvalidEllipse()" classname="EllipseTest" time="0.001"/>
  <system-out><![CDATA[]]></system-out>
  <system-err><![CDATA[]]></system-err>
</testsuite>
